2025-07-31 05:00:39,562 ERROR scheduler Skipped queueing erpnext.utilities.doctype.video.video.update_youtube_data because it was found in queue for aitech.local
2025-07-31 05:01:44,649 ERROR scheduler Skipped queueing erpnext.utilities.doctype.video.video.update_youtube_data because it was found in queue for aitech.local
2025-07-31 05:02:49,419 ERROR scheduler Skipped queueing erpnext.utilities.doctype.video.video.update_youtube_data because it was found in queue for aitech.local
2025-07-31 05:03:54,317 ERROR scheduler Skipped queueing erpnext.utilities.doctype.video.video.update_youtube_data because it was found in queue for aitech.local
2025-07-31 05:04:59,235 ERROR scheduler Skipped queueing erpnext.utilities.doctype.video.video.update_youtube_data because it was found in queue for aitech.local
2025-07-31 05:06:03,723 ERROR scheduler Skipped queueing erpnext.utilities.doctype.video.video.update_youtube_data because it was found in queue for aitech.local
2025-08-05 05:02:40,926 ERROR scheduler Skipped queueing frappe.core.doctype.log_settings.log_settings.run_log_clean_up because it was found in queue for aitech.local
2025-08-05 05:02:41,001 ERROR scheduler Skipped queueing erpnext.stock.doctype.repost_item_valuation.repost_item_valuation.repost_entries because it was found in queue for aitech.local
2025-08-05 05:02:41,077 ERROR scheduler Skipped queueing frappe.email.doctype.newsletter.newsletter.send_scheduled_email because it was found in queue for aitech.local
2025-08-05 05:02:41,107 ERROR scheduler Skipped queueing erpnext.setup.doctype.email_digest.email_digest.send because it was found in queue for aitech.local
2025-08-05 05:02:41,187 ERROR scheduler Skipped queueing hrms.hr.doctype.shift_type.shift_type.process_auto_attendance_for_all_shifts because it was found in queue for aitech.local
2025-08-05 05:02:41,232 ERROR scheduler Skipped queueing frappe.model.utils.user_settings.sync_user_settings because it was found in queue for aitech.local
2025-08-05 05:02:41,258 ERROR scheduler Skipped queueing frappe.integrations.doctype.s3_backup_settings.s3_backup_settings.take_backups_daily because it was found in queue for aitech.local
2025-08-05 05:02:41,281 ERROR scheduler Skipped queueing erpnext.crm.utils.open_leads_opportunities_based_on_todays_event because it was found in queue for aitech.local
2025-08-05 05:02:41,348 ERROR scheduler Skipped queueing hrms.hr.utils.allocate_earned_leaves because it was found in queue for aitech.local
2025-08-05 05:02:41,487 ERROR scheduler Skipped queueing frappe.core.doctype.prepared_report.prepared_report.expire_stalled_report because it was found in queue for aitech.local
2025-08-05 05:02:41,631 ERROR scheduler Skipped queueing frappe.automation.doctype.auto_repeat.auto_repeat.make_auto_repeat_entry because it was found in queue for aitech.local
2025-08-05 05:02:41,700 ERROR scheduler Skipped queueing frappe.website.doctype.web_page.web_page.check_publish_status because it was found in queue for aitech.local
2025-08-05 05:02:41,865 ERROR scheduler Skipped queueing frappe.desk.page.backups.backups.delete_downloadable_backups because it was found in queue for aitech.local
2025-08-05 05:02:41,917 ERROR scheduler Skipped queueing frappe.website.doctype.personal_data_deletion_request.personal_data_deletion_request.remove_unverified_record because it was found in queue for aitech.local
2025-08-05 05:02:41,956 ERROR scheduler Skipped queueing frappe.website.doctype.personal_data_deletion_request.personal_data_deletion_request.process_data_deletion_request because it was found in queue for aitech.local
2025-08-05 05:02:42,035 ERROR scheduler Skipped queueing hrms.hr.doctype.shift_schedule_assignment.shift_schedule_assignment.process_auto_shift_creation because it was found in queue for aitech.local
2025-08-05 05:02:42,097 ERROR scheduler Skipped queueing hrms.hr.doctype.shift_type.shift_type.update_last_sync_of_checkin because it was found in queue for aitech.local
2025-08-05 05:02:42,139 ERROR scheduler Skipped queueing frappe.integrations.doctype.dropbox_settings.dropbox_settings.take_backups_daily because it was found in queue for aitech.local
2025-08-05 05:02:42,232 ERROR scheduler Skipped queueing frappe.social.doctype.energy_point_settings.energy_point_settings.allocate_review_points because it was found in queue for aitech.local
2025-08-05 05:02:42,265 ERROR scheduler Skipped queueing erpnext.accounts.doctype.process_subscription.process_subscription.create_subscription_process because it was found in queue for aitech.local
2025-08-05 05:02:42,382 ERROR scheduler Skipped queueing frappe.integrations.doctype.google_contacts.google_contacts.sync because it was found in queue for aitech.local
2025-08-05 05:02:42,413 ERROR scheduler Skipped queueing erpnext.manufacturing.doctype.bom_update_tool.bom_update_tool.auto_update_latest_price_in_all_boms because it was found in queue for aitech.local
2025-08-05 05:02:42,466 ERROR scheduler Skipped queueing hrms.hr.doctype.leave_ledger_entry.leave_ledger_entry.process_expired_allocation because it was found in queue for aitech.local
2025-08-05 05:02:42,542 ERROR scheduler Skipped queueing erpnext.utilities.bulk_transaction.retry because it was found in queue for aitech.local
2025-08-05 05:02:42,588 ERROR scheduler Skipped queueing frappe.email.doctype.auto_email_report.auto_email_report.send_daily because it was found in queue for aitech.local
2025-08-05 05:02:42,645 ERROR scheduler Skipped queueing frappe.twofactor.delete_all_barcodes_for_users because it was found in queue for aitech.local
2025-08-05 05:02:42,692 ERROR scheduler Skipped queueing frappe.oauth.delete_oauth2_data because it was found in queue for aitech.local
2025-08-05 05:02:42,744 ERROR scheduler Skipped queueing frappe.desk.form.document_follow.send_hourly_updates because it was found in queue for aitech.local
2025-08-05 05:02:42,797 ERROR scheduler Skipped queueing frappe.integrations.doctype.google_drive.google_drive.daily_backup because it was found in queue for aitech.local
2025-08-05 05:02:42,829 ERROR scheduler Skipped queueing erpnext.assets.doctype.asset.depreciation.post_depreciation_entries because it was found in queue for aitech.local
2025-08-05 05:02:42,887 ERROR scheduler Skipped queueing frappe.sessions.clear_expired_sessions because it was found in queue for aitech.local
2025-08-05 05:02:42,918 ERROR scheduler Skipped queueing frappe.desk.notifications.clear_notifications because it was found in queue for aitech.local
2025-08-06 06:04:37,726 ERROR scheduler Skipped queueing frappe.core.doctype.prepared_report.prepared_report.expire_stalled_report because it was found in queue for aitech.local
2025-08-06 06:04:37,807 ERROR scheduler Skipped queueing erpnext.setup.doctype.email_digest.email_digest.send because it was found in queue for aitech.local
2025-08-06 06:04:37,812 ERROR scheduler Skipped queueing erpnext.accounts.utils.run_ledger_health_checks because it was found in queue for aitech.local
2025-08-06 06:04:37,911 ERROR scheduler Skipped queueing frappe.automation.doctype.auto_repeat.auto_repeat.make_auto_repeat_entry because it was found in queue for aitech.local
2025-08-06 06:04:37,966 ERROR scheduler Skipped queueing erpnext.projects.doctype.task.task.set_tasks_as_overdue because it was found in queue for aitech.local
2025-08-06 06:04:37,985 ERROR scheduler Skipped queueing erpnext.buying.doctype.supplier_quotation.supplier_quotation.set_expired_status because it was found in queue for aitech.local
2025-08-06 06:04:38,013 ERROR scheduler Skipped queueing frappe.automation.doctype.reminder.reminder.send_reminders because it was found in queue for aitech.local
2025-08-06 06:04:38,030 ERROR scheduler Skipped queueing erpnext.stock.reorder_item.reorder_item because it was found in queue for aitech.local
2025-08-06 06:04:38,046 ERROR scheduler Skipped queueing hrms.hr.doctype.shift_type.shift_type.update_last_sync_of_checkin because it was found in queue for aitech.local
2025-08-06 06:04:38,061 ERROR scheduler Skipped queueing frappe.email.doctype.newsletter.newsletter.send_scheduled_email because it was found in queue for aitech.local
2025-08-06 06:04:38,080 ERROR scheduler Skipped queueing frappe.monitor.flush because it was found in queue for aitech.local
2025-08-06 06:04:38,107 ERROR scheduler Skipped queueing hrms.hr.doctype.daily_work_summary_group.daily_work_summary_group.trigger_emails because it was found in queue for aitech.local
2025-08-06 06:04:38,127 ERROR scheduler Skipped queueing hrms.hr.doctype.job_opening.job_opening.close_expired_job_openings because it was found in queue for aitech.local
2025-08-06 06:04:38,162 ERROR scheduler Skipped queueing frappe.desk.doctype.event.event.send_event_digest because it was found in queue for aitech.local
2025-08-06 06:04:38,280 ERROR scheduler Skipped queueing frappe.sessions.clear_expired_sessions because it was found in queue for aitech.local
2025-08-06 06:04:38,296 ERROR scheduler Skipped queueing frappe.website.doctype.web_page.web_page.check_publish_status because it was found in queue for aitech.local
2025-08-06 06:04:38,327 ERROR scheduler Skipped queueing erpnext.controllers.accounts_controller.update_invoice_status because it was found in queue for aitech.local
2025-08-06 06:04:38,344 ERROR scheduler Skipped queueing erpnext.utilities.bulk_transaction.retry because it was found in queue for aitech.local
2025-08-06 06:04:38,388 ERROR scheduler Skipped queueing frappe.social.doctype.energy_point_settings.energy_point_settings.allocate_review_points because it was found in queue for aitech.local
2025-08-06 06:04:38,528 ERROR scheduler Skipped queueing erpnext.stock.doctype.repost_item_valuation.repost_item_valuation.repost_entries because it was found in queue for aitech.local
2025-08-06 06:04:38,563 ERROR scheduler Skipped queueing frappe.twofactor.delete_all_barcodes_for_users because it was found in queue for aitech.local
2025-08-06 06:04:38,691 ERROR scheduler Skipped queueing frappe.desk.page.backups.backups.delete_downloadable_backups because it was found in queue for aitech.local
2025-08-06 06:04:38,724 ERROR scheduler Skipped queueing frappe.integrations.doctype.google_drive.google_drive.daily_backup because it was found in queue for aitech.local
2025-08-06 06:04:38,840 ERROR scheduler Skipped queueing erpnext.buying.doctype.supplier_scorecard.supplier_scorecard.refresh_scorecards because it was found in queue for aitech.local
2025-08-06 06:04:38,865 ERROR scheduler Skipped queueing erpnext.projects.doctype.project.project.project_status_update_reminder because it was found in queue for aitech.local
2025-08-06 06:04:38,912 ERROR scheduler Skipped queueing erpnext.utilities.doctype.video.video.update_youtube_data because it was found in queue for aitech.local
2025-08-06 06:04:38,928 ERROR scheduler Skipped queueing frappe.integrations.doctype.google_contacts.google_contacts.sync because it was found in queue for aitech.local
2025-08-06 06:04:38,956 ERROR scheduler Skipped queueing erpnext.selling.doctype.quotation.quotation.set_expired_status because it was found in queue for aitech.local
2025-08-06 06:04:38,991 ERROR scheduler Skipped queueing erpnext.support.doctype.service_level_agreement.service_level_agreement.check_agreement_status because it was found in queue for aitech.local
2025-08-06 06:04:39,066 ERROR scheduler Skipped queueing erpnext.projects.doctype.project.project.update_project_sales_billing because it was found in queue for aitech.local
2025-08-06 06:04:39,083 ERROR scheduler Skipped queueing erpnext.accounts.doctype.gl_entry.gl_entry.rename_gle_sle_docs because it was found in queue for aitech.local
2025-08-06 06:04:39,130 ERROR scheduler Skipped queueing frappe.integrations.doctype.s3_backup_settings.s3_backup_settings.take_backups_daily because it was found in queue for aitech.local
2025-08-06 06:04:39,149 ERROR scheduler Skipped queueing frappe.website.doctype.personal_data_deletion_request.personal_data_deletion_request.remove_unverified_record because it was found in queue for aitech.local
2025-08-06 06:04:39,209 ERROR scheduler Skipped queueing frappe.desk.form.document_follow.send_daily_updates because it was found in queue for aitech.local
2025-08-06 06:04:39,241 ERROR scheduler Skipped queueing erpnext.assets.doctype.asset.depreciation.post_depreciation_entries because it was found in queue for aitech.local
2025-08-06 06:04:39,262 ERROR scheduler Skipped queueing hrms.hr.doctype.shift_schedule_assignment.shift_schedule_assignment.process_auto_shift_creation because it was found in queue for aitech.local
2025-08-06 06:04:39,346 ERROR scheduler Skipped queueing erpnext.accounts.doctype.process_statement_of_accounts.process_statement_of_accounts.send_auto_email because it was found in queue for aitech.local
2025-08-06 06:04:39,361 ERROR scheduler Skipped queueing erpnext.stock.doctype.serial_no.serial_no.update_maintenance_status because it was found in queue for aitech.local
2025-08-06 06:04:39,428 ERROR scheduler Skipped queueing erpnext.accounts.doctype.process_subscription.process_subscription.create_subscription_process because it was found in queue for aitech.local
2025-08-06 06:04:39,514 ERROR scheduler Skipped queueing erpnext.crm.doctype.email_campaign.email_campaign.set_email_campaign_status because it was found in queue for aitech.local
2025-08-06 06:04:39,630 ERROR scheduler Skipped queueing hrms.hr.utils.generate_leave_encashment because it was found in queue for aitech.local
2025-08-06 06:04:39,661 ERROR scheduler Skipped queueing frappe.email.doctype.email_account.email_account.pull because it was found in queue for aitech.local
2025-08-06 06:04:39,705 ERROR scheduler Skipped queueing hrms.hr.doctype.daily_work_summary_group.daily_work_summary_group.send_summary because it was found in queue for aitech.local
2025-08-06 06:04:39,721 ERROR scheduler Skipped queueing frappe.email.doctype.notification.notification.trigger_daily_alerts because it was found in queue for aitech.local
2025-08-06 06:04:39,739 ERROR scheduler Skipped queueing erpnext.erpnext_integrations.doctype.plaid_settings.plaid_settings.automatic_synchronization because it was found in queue for aitech.local
2025-08-06 06:04:39,786 ERROR scheduler Skipped queueing frappe.core.doctype.log_settings.log_settings.run_log_clean_up because it was found in queue for aitech.local
2025-08-06 06:04:39,802 ERROR scheduler Skipped queueing frappe.desk.form.document_follow.send_hourly_updates because it was found in queue for aitech.local
2025-08-06 06:04:39,817 ERROR scheduler Skipped queueing erpnext.projects.doctype.project.project.send_project_status_email_to_users because it was found in queue for aitech.local
2025-08-06 06:04:39,834 ERROR scheduler Skipped queueing hrms.controllers.employee_reminders.send_birthday_reminders because it was found in queue for aitech.local
2025-08-06 06:04:39,851 ERROR scheduler Skipped queueing frappe.integrations.doctype.dropbox_settings.dropbox_settings.take_backups_daily because it was found in queue for aitech.local
2025-08-06 06:04:39,881 ERROR scheduler Skipped queueing frappe.oauth.delete_oauth2_data because it was found in queue for aitech.local
2025-08-06 06:04:39,910 ERROR scheduler Skipped queueing hrms.hr.doctype.shift_type.shift_type.process_auto_attendance_for_all_shifts because it was found in queue for aitech.local
2025-08-06 06:04:39,926 ERROR scheduler Skipped queueing hrms.controllers.employee_reminders.send_work_anniversary_reminders because it was found in queue for aitech.local
2025-08-06 06:04:40,039 ERROR scheduler Skipped queueing hrms.hr.utils.allocate_earned_leaves because it was found in queue for aitech.local
2025-08-06 06:04:40,100 ERROR scheduler Skipped queueing frappe.utils.global_search.sync_global_search because it was found in queue for aitech.local
2025-08-06 06:04:40,127 ERROR scheduler Skipped queueing erpnext.assets.doctype.asset.asset.make_post_gl_entry because it was found in queue for aitech.local
2025-08-06 06:04:40,132 ERROR scheduler Skipped queueing erpnext.assets.doctype.asset.asset.update_maintenance_status because it was found in queue for aitech.local
2025-08-06 06:04:40,147 ERROR scheduler Skipped queueing hrms.hr.doctype.leave_ledger_entry.leave_ledger_entry.process_expired_allocation because it was found in queue for aitech.local
2025-08-06 06:04:40,162 ERROR scheduler Skipped queueing frappe.email.queue.retry_sending_emails because it was found in queue for aitech.local
2025-08-06 06:04:40,194 ERROR scheduler Skipped queueing erpnext.projects.doctype.project.project.collect_project_status because it was found in queue for aitech.local
2025-08-06 06:04:40,211 ERROR scheduler Skipped queueing erpnext.crm.doctype.opportunity.opportunity.auto_close_opportunity because it was found in queue for aitech.local
2025-08-06 06:04:40,225 ERROR scheduler Skipped queueing erpnext.crm.utils.open_leads_opportunities_based_on_todays_event because it was found in queue for aitech.local
2025-08-06 06:04:40,258 ERROR scheduler Skipped queueing erpnext.accounts.utils.auto_create_exchange_rate_revaluation_daily because it was found in queue for aitech.local
2025-08-06 06:04:40,274 ERROR scheduler Skipped queueing frappe.email.queue.flush because it was found in queue for aitech.local
2025-08-06 06:04:40,316 ERROR scheduler Skipped queueing frappe.integrations.doctype.google_calendar.google_calendar.sync because it was found in queue for aitech.local
2025-08-06 06:04:40,420 ERROR scheduler Skipped queueing erpnext.support.doctype.issue.issue.auto_close_tickets because it was found in queue for aitech.local
2025-08-06 06:04:40,489 ERROR scheduler Skipped queueing erpnext.accounts.doctype.fiscal_year.fiscal_year.auto_create_fiscal_year because it was found in queue for aitech.local
2025-08-06 06:04:40,822 ERROR scheduler Skipped queueing erpnext.quality_management.doctype.quality_review.quality_review.review because it was found in queue for aitech.local
2025-08-06 06:04:40,903 ERROR scheduler Skipped queueing frappe.model.utils.link_count.update_link_count because it was found in queue for aitech.local
2025-08-06 06:04:40,920 ERROR scheduler Skipped queueing frappe.website.doctype.personal_data_deletion_request.personal_data_deletion_request.process_data_deletion_request because it was found in queue for aitech.local
2025-08-06 06:04:40,968 ERROR scheduler Skipped queueing frappe.deferred_insert.save_to_db because it was found in queue for aitech.local
2025-08-06 06:04:41,150 ERROR scheduler Skipped queueing frappe.email.doctype.auto_email_report.auto_email_report.send_daily because it was found in queue for aitech.local
2025-08-06 06:04:41,181 ERROR scheduler Skipped queueing erpnext.crm.doctype.contract.contract.update_status_for_contracts because it was found in queue for aitech.local
2025-08-06 06:04:41,197 ERROR scheduler Skipped queueing erpnext.assets.doctype.asset_maintenance_log.asset_maintenance_log.update_asset_maintenance_log_status because it was found in queue for aitech.local
2025-08-06 06:04:41,246 ERROR scheduler Skipped queueing erpnext.manufacturing.doctype.bom_update_tool.bom_update_tool.auto_update_latest_price_in_all_boms because it was found in queue for aitech.local
2025-08-06 06:04:41,378 ERROR scheduler Skipped queueing frappe.model.utils.user_settings.sync_user_settings because it was found in queue for aitech.local
2025-08-06 06:04:41,642 ERROR scheduler Skipped queueing frappe.desk.notifications.clear_notifications because it was found in queue for aitech.local
2025-08-06 06:05:46,115 ERROR scheduler Skipped queueing frappe.automation.doctype.reminder.reminder.send_reminders because it was found in queue for aitech.local
2025-08-06 06:05:46,132 ERROR scheduler Skipped queueing erpnext.utilities.doctype.video.video.update_youtube_data because it was found in queue for aitech.local
2025-08-06 06:05:46,435 ERROR scheduler Skipped queueing frappe.core.doctype.log_settings.log_settings.run_log_clean_up because it was found in queue for aitech.local
2025-08-06 06:05:46,484 ERROR scheduler Skipped queueing frappe.integrations.doctype.google_drive.google_drive.daily_backup because it was found in queue for aitech.local
2025-08-06 06:05:46,529 ERROR scheduler Skipped queueing hrms.controllers.employee_reminders.send_work_anniversary_reminders because it was found in queue for aitech.local
2025-08-06 06:05:47,237 ERROR scheduler Skipped queueing frappe.model.utils.user_settings.sync_user_settings because it was found in queue for aitech.local
2025-08-06 06:05:48,357 ERROR scheduler Skipped queueing frappe.integrations.doctype.google_contacts.google_contacts.sync because it was found in queue for aitech.local
2025-08-06 06:05:48,384 ERROR scheduler Skipped queueing frappe.email.queue.flush because it was found in queue for aitech.local
2025-08-06 06:05:49,894 ERROR scheduler Skipped queueing frappe.monitor.flush because it was found in queue for aitech.local
2025-08-06 06:05:50,251 ERROR scheduler Skipped queueing erpnext.accounts.doctype.gl_entry.gl_entry.rename_gle_sle_docs because it was found in queue for aitech.local
2025-08-06 06:05:51,961 ERROR scheduler Skipped queueing frappe.integrations.doctype.dropbox_settings.dropbox_settings.take_backups_daily because it was found in queue for aitech.local
2025-08-06 06:05:52,188 ERROR scheduler Skipped queueing erpnext.crm.utils.open_leads_opportunities_based_on_todays_event because it was found in queue for aitech.local
2025-08-06 06:05:52,365 ERROR scheduler Skipped queueing erpnext.support.doctype.service_level_agreement.service_level_agreement.check_agreement_status because it was found in queue for aitech.local
2025-08-06 06:05:52,431 ERROR scheduler Skipped queueing frappe.integrations.doctype.s3_backup_settings.s3_backup_settings.take_backups_daily because it was found in queue for aitech.local
2025-08-06 06:05:52,611 ERROR scheduler Skipped queueing frappe.website.doctype.web_page.web_page.check_publish_status because it was found in queue for aitech.local
2025-08-06 06:05:52,630 ERROR scheduler Skipped queueing hrms.hr.doctype.job_opening.job_opening.close_expired_job_openings because it was found in queue for aitech.local
2025-08-06 06:05:52,992 ERROR scheduler Skipped queueing erpnext.projects.doctype.project.project.collect_project_status because it was found in queue for aitech.local
2025-08-06 06:05:53,013 ERROR scheduler Skipped queueing frappe.website.doctype.personal_data_deletion_request.personal_data_deletion_request.remove_unverified_record because it was found in queue for aitech.local
2025-08-06 06:05:53,096 ERROR scheduler Skipped queueing erpnext.projects.doctype.task.task.set_tasks_as_overdue because it was found in queue for aitech.local
2025-08-06 06:05:53,134 ERROR scheduler Skipped queueing frappe.core.doctype.prepared_report.prepared_report.expire_stalled_report because it was found in queue for aitech.local
2025-08-06 06:05:53,173 ERROR scheduler Skipped queueing hrms.hr.doctype.shift_schedule_assignment.shift_schedule_assignment.process_auto_shift_creation because it was found in queue for aitech.local
2025-08-06 06:05:53,217 ERROR scheduler Skipped queueing frappe.desk.form.document_follow.send_hourly_updates because it was found in queue for aitech.local
2025-08-06 06:05:53,253 ERROR scheduler Skipped queueing frappe.website.doctype.personal_data_deletion_request.personal_data_deletion_request.process_data_deletion_request because it was found in queue for aitech.local
2025-08-06 06:05:53,270 ERROR scheduler Skipped queueing frappe.desk.notifications.clear_notifications because it was found in queue for aitech.local
2025-08-06 06:05:53,414 ERROR scheduler Skipped queueing erpnext.accounts.utils.auto_create_exchange_rate_revaluation_daily because it was found in queue for aitech.local
2025-08-06 06:05:53,431 ERROR scheduler Skipped queueing hrms.hr.utils.generate_leave_encashment because it was found in queue for aitech.local
2025-08-06 06:05:53,463 ERROR scheduler Skipped queueing erpnext.controllers.accounts_controller.update_invoice_status because it was found in queue for aitech.local
2025-08-06 06:05:53,480 ERROR scheduler Skipped queueing erpnext.assets.doctype.asset.asset.make_post_gl_entry because it was found in queue for aitech.local
2025-08-06 06:05:53,496 ERROR scheduler Skipped queueing frappe.social.doctype.energy_point_settings.energy_point_settings.allocate_review_points because it was found in queue for aitech.local
2025-08-06 06:05:53,512 ERROR scheduler Skipped queueing erpnext.accounts.doctype.process_subscription.process_subscription.create_subscription_process because it was found in queue for aitech.local
2025-08-06 06:05:53,688 ERROR scheduler Skipped queueing erpnext.manufacturing.doctype.bom_update_tool.bom_update_tool.auto_update_latest_price_in_all_boms because it was found in queue for aitech.local
2025-08-06 06:05:53,708 ERROR scheduler Skipped queueing frappe.utils.global_search.sync_global_search because it was found in queue for aitech.local
2025-08-06 06:05:53,737 ERROR scheduler Skipped queueing erpnext.projects.doctype.project.project.update_project_sales_billing because it was found in queue for aitech.local
2025-08-06 06:05:53,771 ERROR scheduler Skipped queueing erpnext.support.doctype.issue.issue.auto_close_tickets because it was found in queue for aitech.local
2025-08-06 06:05:54,090 ERROR scheduler Skipped queueing erpnext.utilities.bulk_transaction.retry because it was found in queue for aitech.local
2025-08-06 06:05:54,254 ERROR scheduler Skipped queueing hrms.hr.doctype.leave_ledger_entry.leave_ledger_entry.process_expired_allocation because it was found in queue for aitech.local
2025-08-06 06:05:54,406 ERROR scheduler Skipped queueing erpnext.assets.doctype.asset.depreciation.post_depreciation_entries because it was found in queue for aitech.local
2025-08-06 06:05:54,539 ERROR scheduler Skipped queueing frappe.deferred_insert.save_to_db because it was found in queue for aitech.local
2025-08-06 06:05:54,573 ERROR scheduler Skipped queueing frappe.desk.page.backups.backups.delete_downloadable_backups because it was found in queue for aitech.local
2025-08-06 06:05:54,618 ERROR scheduler Skipped queueing frappe.desk.doctype.event.event.send_event_digest because it was found in queue for aitech.local
2025-08-06 06:05:54,668 ERROR scheduler Skipped queueing hrms.hr.doctype.daily_work_summary_group.daily_work_summary_group.trigger_emails because it was found in queue for aitech.local
2025-08-06 06:05:54,893 ERROR scheduler Skipped queueing erpnext.stock.doctype.repost_item_valuation.repost_item_valuation.repost_entries because it was found in queue for aitech.local
2025-08-06 06:05:55,036 ERROR scheduler Skipped queueing frappe.automation.doctype.auto_repeat.auto_repeat.make_auto_repeat_entry because it was found in queue for aitech.local
2025-08-06 06:05:55,044 ERROR scheduler Skipped queueing erpnext.assets.doctype.asset.asset.update_maintenance_status because it was found in queue for aitech.local
2025-08-06 06:05:55,063 ERROR scheduler Skipped queueing frappe.email.doctype.email_account.email_account.pull because it was found in queue for aitech.local
2025-08-06 06:05:55,269 ERROR scheduler Skipped queueing erpnext.crm.doctype.email_campaign.email_campaign.set_email_campaign_status because it was found in queue for aitech.local
2025-08-06 06:05:55,357 ERROR scheduler Skipped queueing erpnext.selling.doctype.quotation.quotation.set_expired_status because it was found in queue for aitech.local
2025-08-06 06:05:55,412 ERROR scheduler Skipped queueing frappe.email.doctype.notification.notification.trigger_daily_alerts because it was found in queue for aitech.local
2025-08-06 06:05:55,490 ERROR scheduler Skipped queueing frappe.twofactor.delete_all_barcodes_for_users because it was found in queue for aitech.local
2025-08-06 06:05:55,678 ERROR scheduler Skipped queueing erpnext.projects.doctype.project.project.project_status_update_reminder because it was found in queue for aitech.local
2025-08-06 06:05:56,132 ERROR scheduler Skipped queueing erpnext.accounts.utils.run_ledger_health_checks because it was found in queue for aitech.local
2025-08-06 06:05:56,196 ERROR scheduler Skipped queueing erpnext.buying.doctype.supplier_quotation.supplier_quotation.set_expired_status because it was found in queue for aitech.local
2025-08-06 06:05:56,213 ERROR scheduler Skipped queueing frappe.email.doctype.newsletter.newsletter.send_scheduled_email because it was found in queue for aitech.local
2025-08-06 06:05:56,243 ERROR scheduler Skipped queueing frappe.oauth.delete_oauth2_data because it was found in queue for aitech.local
2025-08-06 06:05:56,255 ERROR scheduler Skipped queueing erpnext.projects.doctype.project.project.send_project_status_email_to_users because it was found in queue for aitech.local
2025-08-06 06:05:56,336 ERROR scheduler Skipped queueing erpnext.accounts.doctype.process_statement_of_accounts.process_statement_of_accounts.send_auto_email because it was found in queue for aitech.local
2025-08-06 06:05:56,430 ERROR scheduler Skipped queueing frappe.integrations.doctype.google_calendar.google_calendar.sync because it was found in queue for aitech.local
2025-08-06 06:05:56,464 ERROR scheduler Skipped queueing frappe.sessions.clear_expired_sessions because it was found in queue for aitech.local
2025-08-06 06:05:56,481 ERROR scheduler Skipped queueing erpnext.crm.doctype.contract.contract.update_status_for_contracts because it was found in queue for aitech.local
2025-08-06 06:05:56,623 ERROR scheduler Skipped queueing hrms.hr.utils.allocate_earned_leaves because it was found in queue for aitech.local
2025-08-06 06:05:56,643 ERROR scheduler Skipped queueing hrms.hr.doctype.shift_type.shift_type.process_auto_attendance_for_all_shifts because it was found in queue for aitech.local
2025-08-06 06:05:56,685 ERROR scheduler Skipped queueing erpnext.setup.doctype.email_digest.email_digest.send because it was found in queue for aitech.local
2025-08-06 06:05:56,721 ERROR scheduler Skipped queueing frappe.email.doctype.auto_email_report.auto_email_report.send_daily because it was found in queue for aitech.local
2025-08-06 06:05:56,750 ERROR scheduler Skipped queueing erpnext.erpnext_integrations.doctype.plaid_settings.plaid_settings.automatic_synchronization because it was found in queue for aitech.local
2025-08-06 06:05:56,896 ERROR scheduler Skipped queueing frappe.model.utils.link_count.update_link_count because it was found in queue for aitech.local
2025-08-06 06:05:56,974 ERROR scheduler Skipped queueing hrms.hr.doctype.shift_type.shift_type.update_last_sync_of_checkin because it was found in queue for aitech.local
2025-08-06 06:06:58,352 ERROR scheduler Skipped queueing erpnext.support.doctype.issue.issue.auto_close_tickets because it was found in queue for aitech.local
2025-08-06 06:06:58,417 ERROR scheduler Skipped queueing erpnext.setup.doctype.email_digest.email_digest.send because it was found in queue for aitech.local
2025-08-06 06:06:58,438 ERROR scheduler Skipped queueing frappe.automation.doctype.reminder.reminder.send_reminders because it was found in queue for aitech.local
2025-08-06 06:06:58,462 ERROR scheduler Skipped queueing frappe.sessions.clear_expired_sessions because it was found in queue for aitech.local
2025-08-06 06:06:58,483 ERROR scheduler Skipped queueing frappe.desk.form.document_follow.send_hourly_updates because it was found in queue for aitech.local
2025-08-06 06:06:58,515 ERROR scheduler Skipped queueing erpnext.assets.doctype.asset.depreciation.post_depreciation_entries because it was found in queue for aitech.local
2025-08-06 06:06:58,533 ERROR scheduler Skipped queueing hrms.hr.doctype.job_opening.job_opening.close_expired_job_openings because it was found in queue for aitech.local
2025-08-06 06:06:58,566 ERROR scheduler Skipped queueing erpnext.projects.doctype.project.project.project_status_update_reminder because it was found in queue for aitech.local
2025-08-06 06:06:58,584 ERROR scheduler Skipped queueing erpnext.projects.doctype.project.project.collect_project_status because it was found in queue for aitech.local
2025-08-06 06:06:58,673 ERROR scheduler Skipped queueing frappe.model.utils.user_settings.sync_user_settings because it was found in queue for aitech.local
2025-08-06 06:06:58,728 ERROR scheduler Skipped queueing frappe.website.doctype.personal_data_deletion_request.personal_data_deletion_request.remove_unverified_record because it was found in queue for aitech.local
2025-08-06 06:06:58,804 ERROR scheduler Skipped queueing hrms.hr.doctype.leave_ledger_entry.leave_ledger_entry.process_expired_allocation because it was found in queue for aitech.local
2025-08-06 06:06:58,913 ERROR scheduler Skipped queueing hrms.hr.doctype.shift_schedule_assignment.shift_schedule_assignment.process_auto_shift_creation because it was found in queue for aitech.local
2025-08-06 06:06:58,997 ERROR scheduler Skipped queueing erpnext.utilities.doctype.video.video.update_youtube_data because it was found in queue for aitech.local
2025-08-06 06:06:59,024 ERROR scheduler Skipped queueing hrms.hr.utils.allocate_earned_leaves because it was found in queue for aitech.local
2025-08-06 06:06:59,095 ERROR scheduler Skipped queueing frappe.desk.page.backups.backups.delete_downloadable_backups because it was found in queue for aitech.local
2025-08-06 06:06:59,156 ERROR scheduler Skipped queueing frappe.oauth.delete_oauth2_data because it was found in queue for aitech.local
2025-08-06 06:06:59,283 ERROR scheduler Skipped queueing hrms.controllers.employee_reminders.send_work_anniversary_reminders because it was found in queue for aitech.local
2025-08-06 06:06:59,305 ERROR scheduler Skipped queueing erpnext.utilities.bulk_transaction.retry because it was found in queue for aitech.local
2025-08-06 06:06:59,354 ERROR scheduler Skipped queueing hrms.hr.doctype.daily_work_summary_group.daily_work_summary_group.trigger_emails because it was found in queue for aitech.local
2025-08-06 06:06:59,384 ERROR scheduler Skipped queueing frappe.website.doctype.personal_data_deletion_request.personal_data_deletion_request.process_data_deletion_request because it was found in queue for aitech.local
2025-08-06 06:06:59,403 ERROR scheduler Skipped queueing erpnext.assets.doctype.asset.asset.make_post_gl_entry because it was found in queue for aitech.local
2025-08-06 06:06:59,499 ERROR scheduler Skipped queueing frappe.deferred_insert.save_to_db because it was found in queue for aitech.local
2025-08-06 06:06:59,516 ERROR scheduler Skipped queueing erpnext.projects.doctype.project.project.update_project_sales_billing because it was found in queue for aitech.local
2025-08-06 06:06:59,530 ERROR scheduler Skipped queueing frappe.desk.doctype.event.event.send_event_digest because it was found in queue for aitech.local
2025-08-06 06:06:59,989 ERROR scheduler Skipped queueing erpnext.accounts.doctype.process_subscription.process_subscription.create_subscription_process because it was found in queue for aitech.local
2025-08-06 06:07:00,067 ERROR scheduler Skipped queueing erpnext.crm.doctype.contract.contract.update_status_for_contracts because it was found in queue for aitech.local
2025-08-06 06:07:00,115 ERROR scheduler Skipped queueing frappe.twofactor.delete_all_barcodes_for_users because it was found in queue for aitech.local
2025-08-06 06:07:00,156 ERROR scheduler Skipped queueing frappe.email.doctype.email_account.email_account.pull because it was found in queue for aitech.local
2025-08-06 06:07:00,275 ERROR scheduler Skipped queueing frappe.email.doctype.auto_email_report.auto_email_report.send_daily because it was found in queue for aitech.local
2025-08-06 06:07:00,391 ERROR scheduler Skipped queueing hrms.hr.utils.generate_leave_encashment because it was found in queue for aitech.local
2025-08-06 06:07:00,438 ERROR scheduler Skipped queueing frappe.core.doctype.prepared_report.prepared_report.expire_stalled_report because it was found in queue for aitech.local
2025-08-06 06:07:00,475 ERROR scheduler Skipped queueing frappe.email.doctype.notification.notification.trigger_daily_alerts because it was found in queue for aitech.local
2025-08-06 06:07:00,537 ERROR scheduler Skipped queueing erpnext.manufacturing.doctype.bom_update_tool.bom_update_tool.auto_update_latest_price_in_all_boms because it was found in queue for aitech.local
2025-08-06 06:07:00,566 ERROR scheduler Skipped queueing hrms.hr.doctype.shift_type.shift_type.process_auto_attendance_for_all_shifts because it was found in queue for aitech.local
2025-08-06 06:07:00,586 ERROR scheduler Skipped queueing frappe.integrations.doctype.dropbox_settings.dropbox_settings.take_backups_daily because it was found in queue for aitech.local
2025-08-06 06:07:00,621 ERROR scheduler Skipped queueing frappe.desk.notifications.clear_notifications because it was found in queue for aitech.local
2025-08-06 06:07:00,667 ERROR scheduler Skipped queueing erpnext.accounts.utils.run_ledger_health_checks because it was found in queue for aitech.local
2025-08-06 06:07:00,751 ERROR scheduler Skipped queueing frappe.social.doctype.energy_point_settings.energy_point_settings.allocate_review_points because it was found in queue for aitech.local
2025-08-06 06:07:00,890 ERROR scheduler Skipped queueing frappe.monitor.flush because it was found in queue for aitech.local
2025-08-06 06:07:01,003 ERROR scheduler Skipped queueing erpnext.crm.utils.open_leads_opportunities_based_on_todays_event because it was found in queue for aitech.local
2025-08-06 06:07:01,052 ERROR scheduler Skipped queueing frappe.core.doctype.log_settings.log_settings.run_log_clean_up because it was found in queue for aitech.local
2025-08-06 06:07:01,086 ERROR scheduler Skipped queueing frappe.automation.doctype.auto_repeat.auto_repeat.make_auto_repeat_entry because it was found in queue for aitech.local
2025-08-06 06:07:01,151 ERROR scheduler Skipped queueing frappe.integrations.doctype.s3_backup_settings.s3_backup_settings.take_backups_daily because it was found in queue for aitech.local
2025-08-06 06:07:01,201 ERROR scheduler Skipped queueing erpnext.stock.doctype.repost_item_valuation.repost_item_valuation.repost_entries because it was found in queue for aitech.local
2025-08-06 06:07:01,280 ERROR scheduler Skipped queueing frappe.website.doctype.web_page.web_page.check_publish_status because it was found in queue for aitech.local
2025-08-06 06:07:01,312 ERROR scheduler Skipped queueing frappe.integrations.doctype.google_contacts.google_contacts.sync because it was found in queue for aitech.local
2025-08-06 06:07:01,773 ERROR scheduler Skipped queueing erpnext.projects.doctype.project.project.send_project_status_email_to_users because it was found in queue for aitech.local
2025-08-06 06:07:01,810 ERROR scheduler Skipped queueing frappe.integrations.doctype.google_drive.google_drive.daily_backup because it was found in queue for aitech.local
2025-08-06 06:07:01,871 ERROR scheduler Skipped queueing hrms.hr.doctype.shift_type.shift_type.update_last_sync_of_checkin because it was found in queue for aitech.local
2025-08-06 06:07:01,909 ERROR scheduler Skipped queueing frappe.email.queue.flush because it was found in queue for aitech.local
2025-08-06 06:08:02,090 ERROR scheduler Skipped queueing frappe.integrations.doctype.s3_backup_settings.s3_backup_settings.take_backups_daily because it was found in queue for aitech.local
2025-08-06 06:08:02,118 ERROR scheduler Skipped queueing frappe.website.doctype.web_page.web_page.check_publish_status because it was found in queue for aitech.local
2025-08-06 06:08:02,216 ERROR scheduler Skipped queueing hrms.hr.doctype.shift_type.shift_type.process_auto_attendance_for_all_shifts because it was found in queue for aitech.local
2025-08-06 06:08:02,248 ERROR scheduler Skipped queueing frappe.oauth.delete_oauth2_data because it was found in queue for aitech.local
2025-08-06 06:08:02,332 ERROR scheduler Skipped queueing erpnext.stock.doctype.repost_item_valuation.repost_item_valuation.repost_entries because it was found in queue for aitech.local
2025-08-06 06:08:02,350 ERROR scheduler Skipped queueing frappe.desk.notifications.clear_notifications because it was found in queue for aitech.local
2025-08-06 06:08:02,407 ERROR scheduler Skipped queueing frappe.social.doctype.energy_point_settings.energy_point_settings.allocate_review_points because it was found in queue for aitech.local
2025-08-06 06:08:02,639 ERROR scheduler Skipped queueing hrms.hr.doctype.shift_type.shift_type.update_last_sync_of_checkin because it was found in queue for aitech.local
2025-08-06 06:08:03,135 ERROR scheduler Skipped queueing frappe.desk.form.document_follow.send_hourly_updates because it was found in queue for aitech.local
2025-08-06 06:08:03,252 ERROR scheduler Skipped queueing frappe.email.doctype.auto_email_report.auto_email_report.send_daily because it was found in queue for aitech.local
2025-08-06 06:08:03,381 ERROR scheduler Skipped queueing frappe.website.doctype.personal_data_deletion_request.personal_data_deletion_request.remove_unverified_record because it was found in queue for aitech.local
2025-08-06 06:08:03,411 ERROR scheduler Skipped queueing hrms.hr.doctype.shift_schedule_assignment.shift_schedule_assignment.process_auto_shift_creation because it was found in queue for aitech.local
2025-08-06 06:08:03,446 ERROR scheduler Skipped queueing frappe.core.doctype.prepared_report.prepared_report.expire_stalled_report because it was found in queue for aitech.local
2025-08-06 06:08:03,498 ERROR scheduler Skipped queueing erpnext.utilities.bulk_transaction.retry because it was found in queue for aitech.local
2025-08-06 06:08:03,530 ERROR scheduler Skipped queueing hrms.hr.utils.generate_leave_encashment because it was found in queue for aitech.local
2025-08-06 06:08:04,152 ERROR scheduler Skipped queueing frappe.sessions.clear_expired_sessions because it was found in queue for aitech.local
2025-08-06 06:08:04,244 ERROR scheduler Skipped queueing frappe.core.doctype.log_settings.log_settings.run_log_clean_up because it was found in queue for aitech.local
2025-08-06 06:08:04,277 ERROR scheduler Skipped queueing frappe.integrations.doctype.google_drive.google_drive.daily_backup because it was found in queue for aitech.local
2025-08-06 06:08:04,326 ERROR scheduler Skipped queueing erpnext.setup.doctype.email_digest.email_digest.send because it was found in queue for aitech.local
2025-08-06 06:08:04,359 ERROR scheduler Skipped queueing erpnext.crm.utils.open_leads_opportunities_based_on_todays_event because it was found in queue for aitech.local
2025-08-06 06:08:04,520 ERROR scheduler Skipped queueing erpnext.assets.doctype.asset.depreciation.post_depreciation_entries because it was found in queue for aitech.local
2025-08-06 06:08:04,584 ERROR scheduler Skipped queueing frappe.twofactor.delete_all_barcodes_for_users because it was found in queue for aitech.local
